<?xml version="1.0" encoding="UTF-8"?>
<testsuite xmlns:xsi="http://www.w3.org/2001/XMLSchema-instance" xsi:schemaLocation="https://maven.apache.org/surefire/maven-surefire-plugin/xsd/surefire-test-report.xsd" name="sunset.memory.sun.SunLowLevelMemoryAccessorTest" time="0.393" tests="57" errors="0" skipped="0" failures="0">
  <properties>
[...]
</properties>
  <testcase name="putOrderedObject" classname="sunset.memory.sun.SunLowLevelMemoryAccessorTest" time="0.009"/>
  <testcase name="putOrderedInt" classname="sunset.memory.sun.SunLowLevelMemoryAccessorTest" time="0"/>
  <testcase name="putOrderedLong" classname="sunset.memory.sun.SunLowLevelMemoryAccessorTest" time="0"/>
  <testcase name="compareAndSwapInt" classname="sunset.memory.sun.SunLowLevelMemoryAccessorTest" time="0.001"/>
  <testcase name="compareAndSwapObject" classname="sunset.memory.sun.SunLowLevelMemoryAccessorTest" time="0"/>
  <testcase name="compareAndSwapLong" classname="sunset.memory.sun.SunLowLevelMemoryAccessorTest" time="0.003"/>
  <testcase name="loadFence" classname="sunset.memory.sun.SunLowLevelMemoryAccessorTest" time="0"/>
  <testcase name="storeFence" classname="sunset.memory.sun.SunLowLevelMemoryAccessorTest" time="0"/>
  <testcase name="fullFence" classname="sunset.memory.sun.SunLowLevelMemoryAccessorTest" time="0"/>
  <testcase name="getObject" classname="sunset.memory.sun.SunLowLevelMemoryAccessorTest" time="0"/>
  <testcase name="putObject" classname="sunset.memory.sun.SunLowLevelMemoryAccessorTest" time="0.001"/>
  <testcase name="getBoolean" classname="sunset.memory.sun.SunLowLevelMemoryAccessorTest" time="0"/>
  <testcase name="putBoolean" classname="sunset.memory.sun.SunLowLevelMemoryAccessorTest" time="0.003"/>
  <testcase name="getByte" classname="sunset.memory.sun.SunLowLevelMemoryAccessorTest" time="0"/>
  <testcase name="putByte" classname="sunset.memory.sun.SunLowLevelMemoryAccessorTest" time="0"/>
  <testcase name="getShort" classname="sunset.memory.sun.SunLowLevelMemoryAccessorTest" time="0"/>
  <testcase name="putShort" classname="sunset.memory.sun.SunLowLevelMemoryAccessorTest" time="0.001"/>
  <testcase name="getChar" classname="sunset.memory.sun.SunLowLevelMemoryAccessorTest" time="0"/>
  <testcase name="putChar" classname="sunset.memory.sun.SunLowLevelMemoryAccessorTest" time="0"/>
  <testcase name="getInt" classname="sunset.memory.sun.SunLowLevelMemoryAccessorTest" time="0"/>
  <testcase name="putInt" classname="sunset.memory.sun.SunLowLevelMemoryAccessorTest" time="0"/>
  <testcase name="getLong" classname="sunset.memory.sun.SunLowLevelMemoryAccessorTest" time="0"/>
  <testcase name="putLong" classname="sunset.memory.sun.SunLowLevelMemoryAccessorTest" time="0"/>
  <testcase name="getFloat" classname="sunset.memory.sun.SunLowLevelMemoryAccessorTest" time="0"/>
  <testcase name="putFloat" classname="sunset.memory.sun.SunLowLevelMemoryAccessorTest" time="0"/>
  <testcase name="getDouble" classname="sunset.memory.sun.SunLowLevelMemoryAccessorTest" time="0"/>
  <testcase name="putDouble" classname="sunset.memory.sun.SunLowLevelMemoryAccessorTest" time="0"/>
  <testcase name="getObjectVolatile" classname="sunset.memory.sun.SunLowLevelMemoryAccessorTest" time="0"/>
  <testcase name="putObjectVolatile" classname="sunset.memory.sun.SunLowLevelMemoryAccessorTest" time="0"/>
  <testcase name="getBooleanVolatile" classname="sunset.memory.sun.SunLowLevelMemoryAccessorTest" time="0"/>
  <testcase name="putBooleanVolatile" classname="sunset.memory.sun.SunLowLevelMemoryAccessorTest" time="0"/>
  <testcase name="getByteVolatile" classname="sunset.memory.sun.SunLowLevelMemoryAccessorTest" time="0.003"/>
  <testcase name="putByteVolatile" classname="sunset.memory.sun.SunLowLevelMemoryAccessorTest" time="0"/>
  <testcase name="getShortVolatile" classname="sunset.memory.sun.SunLowLevelMemoryAccessorTest" time="0"/>
  <testcase name="putShortVolatile" classname="sunset.memory.sun.SunLowLevelMemoryAccessorTest" time="0"/>
  <testcase name="getCharVolatile" classname="sunset.memory.sun.SunLowLevelMemoryAccessorTest" time="0"/>
  <testcase name="putCharVolatile" classname="sunset.memory.sun.SunLowLevelMemoryAccessorTest" time="0"/>
  <testcase name="getIntVolatile" classname="sunset.memory.sun.SunLowLevelMemoryAccessorTest" time="0"/>
  <testcase name="putIntVolatile" classname="sunset.memory.sun.SunLowLevelMemoryAccessorTest" time="0"/>
  <testcase name="getLongVolatile" classname="sunset.memory.sun.SunLowLevelMemoryAccessorTest" time="0"/>
  <testcase name="putLongVolatile" classname="sunset.memory.sun.SunLowLevelMemoryAccessorTest" time="0"/>
  <testcase name="getFloatVolatile" classname="sunset.memory.sun.SunLowLevelMemoryAccessorTest" time="0"/>
  <testcase name="putFloatVolatile" classname="sunset.memory.sun.SunLowLevelMemoryAccessorTest" time="0"/>
  <testcase name="getDoubleVolatile" classname="sunset.memory.sun.SunLowLevelMemoryAccessorTest" time="0"/>
  <testcase name="putDoubleVolatile" classname="sunset.memory.sun.SunLowLevelMemoryAccessorTest" time="0.001"/>
  <testcase name="objectFieldOffset" classname="sunset.memory.sun.SunLowLevelMemoryAccessorTest" time="0"/>
  <testcase name="staticFieldBase" classname="sunset.memory.sun.SunLowLevelMemoryAccessorTest" time="0.001"/>
  <testcase name="staticFieldOffset" classname="sunset.memory.sun.SunLowLevelMemoryAccessorTest" time="0"/>
  <testcase name="allocateMemory" classname="sunset.memory.sun.SunLowLevelMemoryAccessorTest" time="0"/>
  <testcase name="reallocateMemory" classname="sunset.memory.sun.SunLowLevelMemoryAccessorTest" time="0.001"/>
  <testcase name="setMemory" classname="sunset.memory.sun.SunLowLevelMemoryAccessorTest" time="0"/>
  <testcase name="copyMemory" classname="sunset.memory.sun.SunLowLevelMemoryAccessorTest" time="0"/>
  <testcase name="freeMemory" classname="sunset.memory.sun.SunLowLevelMemoryAccessorTest" time="0.001"/>
  <testcase name="arrayBaseOffset" classname="sunset.memory.sun.SunLowLevelMemoryAccessorTest" time="0.001"/>
  <testcase name="arrayIndexScale" classname="sunset.memory.sun.SunLowLevelMemoryAccessorTest" time="0"/>
  <testcase name="addressSize" classname="sunset.memory.sun.SunLowLevelMemoryAccessorTest" time="0"/>
  <testcase name="pageSize" classname="sunset.memory.sun.SunLowLevelMemoryAccessorTest" time="0.001"/>
</testsuite>